<?xml version="1.0" encoding="UTF-8"?>
<robot generator="Robot 5.0.1 (Python 3.9.13 on win32)" generated="20230411 07:17:26.166" rpa="true" schemaversion="3">
<suite id="s1" name="Tasks" source="c:\Users\karip\Documents\Robots\maximo1\tasks.robot">
<test id="s1-t1" name="Maximoprueba1" line="11">
<kw name="Login">
<kw name="Open Available Browser" library="RPA.Browser.Selenium">
<arg>${url}</arg>
<doc>Attempts to open a browser on the user's device from a set of
supported browsers. Automatically downloads a corresponding webdriver
if none is already installed.</doc>
<msg timestamp="20230411 07:17:29.089" level="INFO">Creating an instance of the Chrome WebDriver.</msg>
<msg timestamp="20230411 07:17:29.105" level="INFO">====== WebDriver manager ======</msg>
<msg timestamp="20230411 07:17:32.711" level="INFO">Creating an instance of the Chrome WebDriver.</msg>
<msg timestamp="20230411 07:17:33.954" level="INFO">Created Chrome browser with arguments: --disable-dev-shm-usage --disable-web-security --allow-running-insecure-content --no-sandbox</msg>
<msg timestamp="20230411 07:17:33.955" level="INFO" html="true">&lt;p&gt;Attempted combinations:&lt;/p&gt;&lt;div class="doc"&gt;&lt;table&gt;&lt;tr&gt;&lt;th&gt;Browser&lt;/th&gt;&lt;th&gt;Download&lt;/th&gt;&lt;th&gt;Error&lt;/th&gt;&lt;/tr&gt;&lt;tr&gt;&lt;td&gt;Chrome&lt;/td&gt;&lt;td&gt;False&lt;/td&gt;&lt;td&gt;Message: 'chromedriver' executable needs to be in PATH. Please see https://chromedriver.chromium.org/home
&lt;/td&gt;&lt;/tr&gt;&lt;tr&gt;&lt;td&gt;Chrome&lt;/td&gt;&lt;td&gt;True&lt;/td&gt;&lt;td&gt;&lt;/td&gt;&lt;/tr&gt;&lt;/table&gt;&lt;/div&gt;</msg>
<msg timestamp="20230411 07:17:33.956" level="INFO">Opening url 'http://ECM7104O:Valled22*;@100.126.20.133/maximo/ui/login'</msg>
<status status="PASS" starttime="20230411 07:17:29.085" endtime="20230411 07:17:37.007"/>
</kw>
<status status="PASS" starttime="20230411 07:17:29.081" endtime="20230411 07:17:37.008"/>
</kw>
<kw name="Crearinc">
<kw name="Wait Until Element Is Visible" library="RPA.Browser.Selenium">
<arg>alias:Portletbody719760</arg>
<doc>Waits until the element ``locator`` is visible.</doc>
<status status="PASS" starttime="20230411 07:17:37.014" endtime="20230411 07:17:37.073"/>
</kw>
<kw name="Click Element" library="RPA.Browser.Selenium">
<arg>alias:FavoriteAppINCIDENT</arg>
<doc>Click the element identified by ``locator``.</doc>
<msg timestamp="20230411 07:17:37.077" level="INFO">Clicking element 'alias:FavoriteAppINCIDENT'.</msg>
<status status="PASS" starttime="20230411 07:17:37.074" endtime="20230411 07:17:37.209"/>
</kw>
<kw name="Wait Until Element Is Visible" library="RPA.Browser.Selenium">
<arg>alias:ToolactionsINSERTtbbanchor</arg>
<doc>Waits until the element ``locator`` is visible.</doc>
<status status="PASS" starttime="20230411 07:17:37.210" endtime="20230411 07:17:38.053"/>
</kw>
<kw name="Click Element" library="RPA.Browser.Selenium">
<arg>alias:ToolactionsINSERTtbbimage</arg>
<doc>Click the element identified by ``locator``.</doc>
<msg timestamp="20230411 07:17:38.056" level="INFO">Clicking element 'alias:ToolactionsINSERTtbbimage'.</msg>
<status status="PASS" starttime="20230411 07:17:38.054" endtime="20230411 07:17:38.129"/>
</kw>
<status status="PASS" starttime="20230411 07:17:37.012" endtime="20230411 07:17:38.130"/>
</kw>
<kw name="Llenarinc">
<kw name="Wait Until Element Is Visible" library="RPA.Browser.Selenium">
<arg>alias:M761db80bse</arg>
<doc>Waits until the element ``locator`` is visible.</doc>
<status status="PASS" starttime="20230411 07:17:38.135" endtime="20230411 07:17:39.594"/>
</kw>
<status status="PASS" starttime="20230411 07:17:38.132" endtime="20230411 07:17:39.596"/>
</kw>
<status status="PASS" starttime="20230411 07:17:29.077" endtime="20230411 07:17:39.598"/>
</test>
<status status="PASS" starttime="20230411 07:17:26.185" endtime="20230411 07:17:39.605"/>
</suite>
<statistics>
<total>
<stat pass="1" fail="0" skip="0">All Tasks</stat>
</total>
<tag>
</tag>
<suite>
<stat pass="1" fail="0" skip="0" id="s1" name="Tasks">Tasks</stat>
</suite>
</statistics>
<errors>
</errors>
</robot>
